2025-10-20T10:48:44.242-03:00  INFO 17556 --- [Iviinvest] [restartedMain] com.Iviinvest.IviinvestApplication       : Starting IviinvestApplication using Java 17.0.14 with PID 17556 (C:\Users\Henrique\Venvs_pontes\Iviinvest\target\classes started by Henrique in C:\Users\Henrique\Venvs_pontes\Iviinvest)
2025-10-20T10:48:44.298-03:00  INFO 17556 --- [Iviinvest] [restartedMain] com.Iviinvest.IviinvestApplication       : No active profile set, falling back to 1 default profile: "default"
2025-10-20T10:48:44.681-03:00  INFO 17556 --- [Iviinvest] [restartedMain] o.s.b.devtools.restart.ChangeableUrls    : The Class-Path manifest attribute in C:\Users\Henrique\.m2\repository\com\oracle\database\jdbc\ojdbc11\23.5.0.24.07\ojdbc11-23.5.0.24.07.jar referenced one or more files that do not exist: file:/C:/Users/Henrique/.m2/repository/com/oracle/database/jdbc/ojdbc11/23.5.0.24.07/oraclepki.jar
2025-10-20T10:48:44.683-03:00  INFO 17556 --- [Iviinvest] [restartedMain] .e.DevToolsPropertyDefaultsPostProcessor : Devtools property defaults active! Set 'spring.devtools.add-properties' to 'false' to disable
2025-10-20T10:48:44.683-03:00  INFO 17556 --- [Iviinvest] [restartedMain] .e.DevToolsPropertyDefaultsPostProcessor : For additional web related logging consider setting the 'logging.level.web' property to 'DEBUG'
2025-10-20T10:48:57.668-03:00  INFO 17556 --- [Iviinvest] [restartedMain] .s.d.r.c.RepositoryConfigurationDelegate : Bootstrapping Spring Data JPA repositories in DEFAULT mode.
2025-10-20T10:48:59.182-03:00  INFO 17556 --- [Iviinvest] [restartedMain] .s.d.r.c.RepositoryConfigurationDelegate : Finished Spring Data repository scanning in 1463 ms. Found 5 JPA repository interfaces.
2025-10-20T10:49:10.900-03:00  INFO 17556 --- [Iviinvest] [restartedMain] o.s.b.w.embedded.tomcat.TomcatWebServer  : Tomcat initialized with port 8080 (http)
2025-10-20T10:49:11.003-03:00  INFO 17556 --- [Iviinvest] [restartedMain] o.apache.catalina.core.StandardService   : Starting service [Tomcat]
2025-10-20T10:49:11.005-03:00  INFO 17556 --- [Iviinvest] [restartedMain] o.apache.catalina.core.StandardEngine    : Starting Servlet engine: [Apache Tomcat/10.1.39]
2025-10-20T10:49:11.493-03:00  INFO 17556 --- [Iviinvest] [restartedMain] o.a.c.c.C.[Tomcat].[localhost].[/]       : Initializing Spring embedded WebApplicationContext
2025-10-20T10:49:11.495-03:00  INFO 17556 --- [Iviinvest] [restartedMain] w.s.c.ServletWebServerApplicationContext : Root WebApplicationContext: initialization completed in 26810 ms
2025-10-20T10:49:13.215-03:00  INFO 17556 --- [Iviinvest] [restartedMain] o.hibernate.jpa.internal.util.LogHelper  : HHH000204: Processing PersistenceUnitInfo [name: default]
2025-10-20T10:49:13.725-03:00  INFO 17556 --- [Iviinvest] [restartedMain] org.hibernate.Version                    : HHH000412: Hibernate ORM core version 6.6.11.Final
2025-10-20T10:49:14.003-03:00  INFO 17556 --- [Iviinvest] [restartedMain] o.h.c.internal.RegionFactoryInitiator    : HHH000026: Second-level cache disabled
2025-10-20T10:49:17.643-03:00  INFO 17556 --- [Iviinvest] [restartedMain] o.s.o.j.p.SpringPersistenceUnitInfo      : No LoadTimeWeaver setup: ignoring JPA class transformer
2025-10-20T10:49:18.455-03:00  INFO 17556 --- [Iviinvest] [restartedMain] com.zaxxer.hikari.HikariDataSource       : HikariPool-1 - Starting...
2025-10-20T10:49:21.594-03:00  INFO 17556 --- [Iviinvest] [restartedMain] com.zaxxer.hikari.pool.HikariPool        : HikariPool-1 - Added connection conn0: url=jdbc:h2:file:./data/testdb user=SA
2025-10-20T10:49:21.603-03:00  INFO 17556 --- [Iviinvest] [restartedMain] com.zaxxer.hikari.HikariDataSource       : HikariPool-1 - Start completed.
2025-10-20T10:49:21.887-03:00  WARN 17556 --- [Iviinvest] [restartedMain] org.hibernate.orm.deprecation            : HHH90000025: H2Dialect does not need to be specified explicitly using 'hibernate.dialect' (remove the property setting and it will be selected by default)
2025-10-20T10:49:22.129-03:00  INFO 17556 --- [Iviinvest] [restartedMain] org.hibernate.orm.connections.pooling    : HHH10001005: Database info:
	Database JDBC URL [Connecting through datasource 'HikariDataSource (HikariPool-1)']
	Database driver: undefined/unknown
	Database version: 2.3.232
	Autocommit mode: undefined/unknown
	Isolation level: undefined/unknown
	Minimum pool size: undefined/unknown
	Maximum pool size: undefined/unknown
2025-10-20T10:49:28.758-03:00  INFO 17556 --- [Iviinvest] [restartedMain] o.h.e.t.j.p.i.JtaPlatformInitiator       : HHH000489: No JTA platform available (set 'hibernate.transaction.jta.platform' to enable JTA platform integration)
2025-10-20T10:49:29.253-03:00  INFO 17556 --- [Iviinvest] [restartedMain] j.LocalContainerEntityManagerFactoryBean : Initialized JPA EntityManagerFactory for persistence unit 'default'
2025-10-20T10:49:35.898-03:00  WARN 17556 --- [Iviinvest] [restartedMain] JpaBaseConfiguration$JpaWebConfiguration : spring.jpa.open-in-view is enabled by default. Therefore, database queries may be performed during view rendering. Explicitly configure spring.jpa.open-in-view to disable this warning
2025-10-20T10:49:36.134-03:00  WARN 17556 --- [Iviinvest] [restartedMain] .s.s.UserDetailsServiceAutoConfiguration : 

Using generated security password: 5a81e50c-399d-4da5-9067-1276a0b6a467

This generated password is for development use only. Your security configuration must be updated before running your application in production.

2025-10-20T10:49:36.205-03:00  INFO 17556 --- [Iviinvest] [restartedMain] r$InitializeUserDetailsManagerConfigurer : Global AuthenticationManager configured with UserDetailsService bean with name inMemoryUserDetailsManager
2025-10-20T10:49:40.559-03:00  WARN 17556 --- [Iviinvest] [restartedMain] ion$DefaultTemplateResolverConfiguration : Cannot find template location: classpath:/templates/ (please add some templates, check your Thymeleaf configuration, or set spring.thymeleaf.check-template-location=false)
2025-10-20T10:49:41.498-03:00  INFO 17556 --- [Iviinvest] [restartedMain] o.s.b.a.h2.H2ConsoleAutoConfiguration    : H2 console available at '/h2-console'. Database available at 'jdbc:h2:file:./data/testdb'
2025-10-20T10:49:42.095-03:00  INFO 17556 --- [Iviinvest] [restartedMain] o.s.b.d.a.OptionalLiveReloadServer       : LiveReload server is running on port 35729
2025-10-20T10:49:42.818-03:00  INFO 17556 --- [Iviinvest] [restartedMain] o.s.b.w.embedded.tomcat.TomcatWebServer  : Tomcat started on port 8080 (http) with context path '/'
2025-10-20T10:49:43.017-03:00  INFO 17556 --- [Iviinvest] [restartedMain] com.Iviinvest.IviinvestApplication       : Started IviinvestApplication in 63.262 seconds (process running for 99.623)
2025-10-20T10:49:44.546-03:00  INFO 17556 --- [Iviinvest] [http-nio-8080-exec-1] o.a.c.c.C.[Tomcat].[localhost].[/]       : Initializing Spring DispatcherServlet 'dispatcherServlet'
2025-10-20T10:49:44.548-03:00  INFO 17556 --- [Iviinvest] [http-nio-8080-exec-1] o.s.web.servlet.DispatcherServlet        : Initializing Servlet 'dispatcherServlet'
2025-10-20T10:49:44.586-03:00  INFO 17556 --- [Iviinvest] [http-nio-8080-exec-1] o.s.web.servlet.DispatcherServlet        : Completed initialization in 37 ms
2025-10-20T10:49:53.358-03:00  INFO 17556 --- [Iviinvest] [http-nio-8080-exec-2] o.springdoc.api.AbstractOpenApiResource  : Init duration for springdoc-openapi is: 5256 ms
2025-10-20T10:53:45.260-03:00  WARN 17556 --- [Iviinvest] [http-nio-8080-exec-3] o.a.c.util.SessionIdGeneratorBase        : Creation of SecureRandom instance for session ID generation using [SHA1PRNG] took [429] milliseconds.
2025-10-20T10:58:18.931-03:00  INFO 17556 --- [Iviinvest] [SpringApplicationShutdownHook] o.s.b.w.e.tomcat.GracefulShutdown        : Commencing graceful shutdown. Waiting for active requests to complete
2025-10-20T10:58:20.061-03:00  INFO 17556 --- [Iviinvest] [tomcat-shutdown] o.s.b.w.e.tomcat.GracefulShutdown        : Graceful shutdown complete
2025-10-20T10:58:20.423-03:00  INFO 17556 --- [Iviinvest] [SpringApplicationShutdownHook] j.LocalContainerEntityManagerFactoryBean : Closing JPA EntityManagerFactory for persistence unit 'default'
2025-10-20T10:58:20.515-03:00  INFO 17556 --- [Iviinvest] [SpringApplicationShutdownHook] com.zaxxer.hikari.HikariDataSource       : HikariPool-1 - Shutdown initiated...
2025-10-20T10:58:20.534-03:00  INFO 17556 --- [Iviinvest] [SpringApplicationShutdownHook] com.zaxxer.hikari.HikariDataSource       : HikariPool-1 - Shutdown completed.
